<?xml version="1.0" encoding="UTF-8"?>
<testng-results ignored="0" total="1" passed="1" failed="0" skipped="0">
  <reporter-output>
  </reporter-output>
  <suite started-at="2024-02-06T11:25:36Z" name="Default suite" finished-at="2024-02-06T11:25:53Z" duration-ms="16759">
    <groups>
    </groups>
    <test started-at="2024-02-06T11:25:36Z" name="Default test" finished-at="2024-02-06T11:25:53Z" duration-ms="16759">
      <class name="com.orange.runner.Runner">
        <test-method is-config="true" signature="openapp()[pri:0, instance:com.orange.runner.Runner@16eccb2e]" started-at="2024-02-06T16:55:36Z" name="openapp" finished-at="2024-02-06T16:55:39Z" duration-ms="2715" status="PASS">
          <reporter-output>
          </reporter-output>
        </test-method> <!-- openapp -->
        <test-method signature="login()[pri:0, instance:com.orange.runner.Runner@16eccb2e]" started-at="2024-02-06T16:55:39Z" name="login" finished-at="2024-02-06T16:55:53Z" duration-ms="13758" status="PASS">
          <reporter-output>
          </reporter-output>
        </test-method> <!-- login -->
        <test-method is-config="true" signature="closeapp()[pri:0, instance:com.orange.runner.Runner@16eccb2e]" started-at="2024-02-06T16:55:53Z" name="closeapp" finished-at="2024-02-06T16:55:53Z" duration-ms="271" status="PASS">
          <reporter-output>
          </reporter-output>
        </test-method> <!-- closeapp -->
      </class> <!-- com.orange.runner.Runner -->
    </test> <!-- Default test -->
  </suite> <!-- Default suite -->
</testng-results>
